<?xml version="1.0" encoding="UTF-8"?>
<testsuite name="com.kodilla.stream.array.ArrayOperationsTestSuite" tests="1" skipped="0" failures="0" errors="0" timestamp="2023-12-18T10:31:18" hostname="DESKTOP-M33CNEF" time="0.062">
  <properties/>
  <testcase name="testGetAverage()" classname="com.kodilla.stream.array.ArrayOperationsTestSuite" time="0.062"/>
  <system-out><![CDATA[9
8
10
5
9
5
3
4
7
3
290
12
444
]]></system-out>
  <system-err><![CDATA[]]></system-err>
</testsuite>
