<?xml version="1.0" encoding="UTF-8"?>
<testsuite name="com.kodilla.stream.invoice.simple.SimpleInvoiceTestSuite" tests="1" skipped="0" failures="0" errors="0" timestamp="2024-01-12T20:21:39" hostname="DESKTOP-M33CNEF" time="9.754">
  <properties/>
  <testcase name="testGetValueToPay()" classname="com.kodilla.stream.invoice.simple.SimpleInvoiceTestSuite" time="9.754"/>
  <system-out><![CDATA[]]></system-out>
  <system-err><![CDATA[]]></system-err>
</testsuite>
