<?xml version="1.0" encoding="UTF-8"?>
<testsuite name="World Test Suite" tests="1" skipped="0" failures="0" errors="0" timestamp="2023-12-18T09:12:50" hostname="DESKTOP-M33CNEF" time="0.037">
  <properties/>
  <testcase name="Test Get Quantity Of People In The World" classname="com.kodilla.stream.world.WorldTestSuite" time="0.037"/>
  <system-out><![CDATA[This is the beginning of tests.
Preparing to execute test #1
All tests are finished.
]]></system-out>
  <system-err><![CDATA[]]></system-err>
</testsuite>
