<?xml version="1.0" encoding="UTF-8"?>
<testsuite name="com.kodilla.spring.forum.ForumUserTestSuite" tests="1" skipped="0" failures="0" errors="0" timestamp="2023-12-30T09:50:58" hostname="DESKTOP-M33CNEF" time="1.292">
  <properties/>
  <testcase name="testGetUsername()" classname="com.kodilla.spring.forum.ForumUserTestSuite" time="1.292"/>
  <system-out><![CDATA[10:50:56.575 [Test worker] INFO org.springframework.test.context.support.AnnotationConfigContextLoaderUtils -- Could not detect default configuration classes for test class [com.kodilla.spring.forum.ForumUserTestSuite]: ForumUserTestSuite does not declare any static, non-private, non-final, nested classes annotated with @Configuration.
10:50:56.722 [Test worker] INFO org.springframework.boot.test.context.SpringBootTestContextBootstrapper -- Found @SpringBootConfiguration com.kodilla.KodillaSpringApplication for test class com.kodilla.spring.forum.ForumUserTestSuite

  .   ____          _            __ _ _
 /\\ / ___'_ __ _ _(_)_ __  __ _ \ \ \ \
( ( )\___ | '_ | '_| | '_ \/ _` | \ \ \ \
 \\/  ___)| |_)| | | | | || (_| |  ) ) ) )
  '  |____| .__|_| |_|_| |_\__, | / / / /
 =========|_|==============|___/=/_/_/_/
 :: Spring Boot ::                (v3.1.7)

2023-12-30T10:50:57.318+01:00  INFO 5340 --- [    Test worker] c.k.spring.forum.ForumUserTestSuite      : Starting ForumUserTestSuite using Java 17.0.9 with PID 5340 (started by Piotr in C:\dev\kodilla-course\kodilla-spring)
2023-12-30T10:50:57.321+01:00  INFO 5340 --- [    Test worker] c.k.spring.forum.ForumUserTestSuite      : No active profile set, falling back to 1 default profile: "default"
2023-12-30T10:50:57.991+01:00  INFO 5340 --- [    Test worker] c.k.spring.forum.ForumUserTestSuite      : Started ForumUserTestSuite in 1.028 seconds (process running for 2.632)
]]></system-out>
  <system-err><![CDATA[]]></system-err>
</testsuite>
