<?xml version="1.0" encoding="UTF-8"?>
<testsuite name="com.kodilla.spring.calculator.CalculatorTestSuite" tests="1" skipped="0" failures="0" errors="0" timestamp="2024-01-01T08:51:33" hostname="DESKTOP-M33CNEF" time="1.131">
  <properties/>
  <testcase name="testCalculations()" classname="com.kodilla.spring.calculator.CalculatorTestSuite" time="1.131"/>
  <system-out><![CDATA[09:51:31.532 [Test worker] INFO org.springframework.test.context.support.AnnotationConfigContextLoaderUtils -- Could not detect default configuration classes for test class [com.kodilla.spring.calculator.CalculatorTestSuite]: CalculatorTestSuite does not declare any static, non-private, non-final, nested classes annotated with @Configuration.
09:51:31.715 [Test worker] INFO org.springframework.boot.test.context.SpringBootTestContextBootstrapper -- Found @SpringBootConfiguration com.kodilla.KodillaSpringApplication for test class com.kodilla.spring.calculator.CalculatorTestSuite

  .   ____          _            __ _ _
 /\\ / ___'_ __ _ _(_)_ __  __ _ \ \ \ \
( ( )\___ | '_ | '_| | '_ \/ _` | \ \ \ \
 \\/  ___)| |_)| | | | | || (_| |  ) ) ) )
  '  |____| .__|_| |_|_| |_\__, | / / / /
 =========|_|==============|___/=/_/_/_/
 :: Spring Boot ::                (v3.1.7)

2024-01-01T09:51:32.333+01:00  INFO 1740 --- [    Test worker] c.k.s.calculator.CalculatorTestSuite     : Starting CalculatorTestSuite using Java 17.0.9 with PID 1740 (started by Piotr in C:\dev\kodilla-course\kodilla-spring)
2024-01-01T09:51:32.335+01:00  INFO 1740 --- [    Test worker] c.k.s.calculator.CalculatorTestSuite     : No active profile set, falling back to 1 default profile: "default"
2024-01-01T09:51:33.100+01:00  INFO 1740 --- [    Test worker] c.k.s.calculator.CalculatorTestSuite     : Started CalculatorTestSuite in 1.088 seconds (process running for 2.801)
Value: 8.0
Value: 7.0
Value: 28.0
Value: 5.0
]]></system-out>
  <system-err><![CDATA[]]></system-err>
</testsuite>
