<?xml version="1.0" encoding="UTF-8"?>
<testsuite name="Tests for the non-existing geometrical figures" tests="2" skipped="0" failures="0" errors="0" timestamp="2023-12-07T22:02:57" hostname="DESKTOP-M33CNEF" time="0.034">
  <properties/>
  <testcase name="Remove figure which does not exist test" classname="com.kodilla.testing.shape.ShapeCollectorTestSuite$B" time="0.031"/>
  <testcase name="Get figure number out of range test" classname="com.kodilla.testing.shape.ShapeCollectorTestSuite$B" time="0.002"/>
  <system-out><![CDATA[Preparing to execute test #1
Preparing to execute test #2
]]></system-out>
  <system-err><![CDATA[]]></system-err>
</testsuite>
