<?xml version="1.0" encoding="UTF-8"?>
<testsuite name="Book Library Tests" tests="3" skipped="0" failures="0" errors="0" timestamp="2023-12-13T19:03:55" hostname="DESKTOP-M33CNEF" time="0.107">
  <properties/>
  <testcase name="Test List Books With Condition Fragment Shorter Than 3" classname="com.kodilla.testing.library.BookDirectoryTestSuite$A" time="0.081"/>
  <testcase name="Test List Books With Condition More Than 20" classname="com.kodilla.testing.library.BookDirectoryTestSuite$A" time="0.013"/>
  <testcase name="Test List Books With Conditions Return List" classname="com.kodilla.testing.library.BookDirectoryTestSuite$A" time="0.003"/>
  <system-out><![CDATA[Preparing to execute test #4
Preparing to execute test #5
Preparing to execute test #6
]]></system-out>
  <system-err><![CDATA[]]></system-err>
</testsuite>
