<?xml version="1.0" encoding="UTF-8"?>
<testsuite name="com.kodilla.testing.collection.CollectionTestSuite" tests="2" skipped="0" failures="0" errors="0" timestamp="2023-12-03T19:30:12" hostname="DESKTOP-M33CNEF" time="0.04">
  <properties/>
  <testcase name="when create OddNumbersExterminator with emptyArrayList, then OddNumbersExterminator should return no numbers" classname="com.kodilla.testing.collection.CollectionTestSuite" time="0.031"/>
  <testcase name="when create OddNumbersExterminator with normalArrayList, then normalArrayList should return list of numbers" classname="com.kodilla.testing.collection.CollectionTestSuite" time="0.005"/>
  <system-out><![CDATA[Test Case: begin
Testing empty list
Test Case: end
Test Case: begin
Testing normal list
Test Case: end
]]></system-out>
  <system-err><![CDATA[]]></system-err>
</testsuite>
