<?xml version="1.0" encoding="UTF-8"?>
<testsuite name="com.kodilla.patterns.strategy.social.UserTestSuite" tests="2" skipped="0" failures="0" errors="0" timestamp="2024-01-07T11:46:55" hostname="DESKTOP-M33CNEF" time="0.075">
  <properties/>
  <testcase name="testDefaultSharingStrategies()" classname="com.kodilla.patterns.strategy.social.UserTestSuite" time="0.061"/>
  <testcase name="testIndividualSharingStrategy()" classname="com.kodilla.patterns.strategy.social.UserTestSuite" time="0.004"/>
  <system-out><![CDATA[Arthur shares on: Snapchat
George shares on: Twitter
Abigail shares on: Facebook
Javier shares on: Facebook
]]></system-out>
  <system-err><![CDATA[]]></system-err>
</testsuite>
