<?xml version="1.0" encoding="UTF-8"?>
<testsuite name="Big Mac Test Suite" tests="1" skipped="0" failures="0" errors="0" timestamp="2024-01-07T18:00:45" hostname="DESKTOP-M33CNEF" time="0.038">
  <properties/>
  <testcase name="Test New Big Mac" classname="com.kodilla.patterns.builder.bigmac.BigmacTestSuite" time="0.038"/>
  <system-out><![CDATA[This is the beginning of tests.
Preparing to execute test #1
Big Mac Recipe: bun = WITH_SESAME, burgers = 2, sauce = THOUSAND_ISLANDS, ingredients = [CHEESE, CHILI_PEPPERS, LETTUCE]
All tests are finished.
]]></system-out>
  <system-err><![CDATA[]]></system-err>
</testsuite>
