<?xml version="1.0" encoding="UTF-8"?>
<testsuite name="com.kodilla.patterns.singleton.LoggerTestSuite" tests="1" skipped="0" failures="0" errors="0" timestamp="2024-01-06T10:45:35" hostname="DESKTOP-M33CNEF" time="0.037">
  <properties/>
  <testcase name="getLastLogTest()" classname="com.kodilla.patterns.singleton.LoggerTestSuite" time="0.037"/>
  <system-out><![CDATA[Log: [log 1]
Log: [log 2]
]]></system-out>
  <system-err><![CDATA[]]></system-err>
</testsuite>
