<?xml version="1.0" encoding="UTF-8"?>
<testsuite name="com.kodilla.patterns2.observer.homework.HomeworkQueueTest" tests="1" skipped="0" failures="0" errors="0" timestamp="2024-02-25T15:58:26" hostname="DESKTOP-M33CNEF" time="0.035">
  <properties/>
  <testcase name="testUpdateHomeworks()" classname="com.kodilla.patterns2.observer.homework.HomeworkQueueTest" time="0.035"/>
  <system-out><![CDATA[Mentor 1 received new task: ShapeCollector
Mentor 1 received new task: BookLibrary Mock
Mentor 2 received new task: index.html
Mentor 1 received new task: Wzorzec builder
Mentor 2 received new task: Fasada
]]></system-out>
  <system-err><![CDATA[]]></system-err>
</testsuite>
