<?xml version="1.0" encoding="UTF-8"?>
<testsuite name="com.kodilla.jdbc.DbManagerTestSuite" tests="4" skipped="0" failures="0" errors="0" timestamp="2024-01-20T14:37:23" hostname="DESKTOP-M33CNEF" time="0.545">
  <properties/>
  <testcase name="testSelectUsers()" classname="com.kodilla.jdbc.DbManagerTestSuite" time="0.476"/>
  <testcase name="testConnect()" classname="com.kodilla.jdbc.DbManagerTestSuite" time="0.003"/>
  <testcase name="testSelectUsersAndPosts()" classname="com.kodilla.jdbc.DbManagerTestSuite" time="0.026"/>
  <testcase name="testSelectUsersAndTasks()" classname="com.kodilla.jdbc.DbManagerTestSuite" time="0.034"/>
  <system-out><![CDATA[1, John, Smith
2, Zachary, Lee
3, Stephanie, Kovalsky
4, Thomas, Landgren
5, John, Thomson
Zachary, Lee, 2
John, Smith, To Do
Zachary, Lee, To Do
Stephanie, Kovalsky, To Do
Thomas, Landgren, To Do
John, Thomson, To Do
John, Smith, In Progress
Zachary, Lee, In Progress
Stephanie, Kovalsky, In Progress
Thomas, Landgren, In Progress
John, Thomson, In Progress
John, Smith, Done
Zachary, Lee, Done
Stephanie, Kovalsky, Done
Thomas, Landgren, Done
John, Thomson, Done
]]></system-out>
  <system-err><![CDATA[]]></system-err>
</testsuite>
